
Request: D:\Web\Web III\assignments\V2.4\pdumaresqC30A02root\public\\index.html
Response: D:\Web\Web III\assignments\V2.4\pdumaresqC30A02root\public\\index.html--> 200: Okay

Request: D:\Web\Web III\assignments\V2.4\pdumaresqC30A02root\public\\favicon.ico
Response: D:\Web\Web III\assignments\V2.4\pdumaresqC30A02root\public\\favicon.ico--> 200: okay

Request: D:\Web\Web III\assignments\V2.4\pdumaresqC30A02root\public\\index.html
Response: D:\Web\Web III\assignments\V2.4\pdumaresqC30A02root\public\\index.html--> 200: Okay

Request: D:\Web\Web III\assignments\V2.4\pdumaresqC30A02root\public\\favicon.ico
Response: D:\Web\Web III\assignments\V2.4\pdumaresqC30A02root\public\\favicon.ico--> 200: okay

Request: D:\Web\Web III\assignments\V2.4\pdumaresqC30A02root\public\\index.html
Response: D:\Web\Web III\assignments\V2.4\pdumaresqC30A02root\public\\index.html--> 200: Okay

Request: D:\Web\Web III\assignments\V2.4\pdumaresqC30A02root\public\\favicon.ico
Response: D:\Web\Web III\assignments\V2.4\pdumaresqC30A02root\public\\favicon.ico--> 200: okay

Request: D:\Web\Web III\assignments\V2.4\pdumaresqC30A02root\public\\index.html
Response: D:\Web\Web III\assignments\V2.4\pdumaresqC30A02root\public\\index.html--> 200: Okay

Request: D:\Web\Web III\assignments\V2.4\pdumaresqC30A02root\public\\favicon.ico
Response: D:\Web\Web III\assignments\V2.4\pdumaresqC30A02root\public\\favicon.ico--> 200: okay

Request: D:\Web\Web III\assignments\V2.4\pdumaresqC30A02root\public\\testuserobject.html
Response: D:\Web\Web III\assignments\V2.4\pdumaresqC30A02root\public\\testuserobject.html--> 200: Okay

Request: D:\Web\Web III\assignments\V2.4\pdumaresqC30A02root\public\\testuserobject.html
Response: qwe, qwe, qwe, qwe, qwe --> 200: OkayResponse: D:\Web\Web III\assignments\pdumaresq_C30_A02\pdumaresqC30A02root\public\\index.html--> 200: Okay

Request: D:\Web\Web III\assignments\pdumaresq_C30_A02\pdumaresqC30A02root\public\\index.html

Request: D:\Web\Web III\assignments\pdumaresq_C30_A02\pdumaresqC30A02root\public\\favicon.ico
Response: D:\Web\Web III\assignments\pdumaresq_C30_A02\pdumaresqC30A02root\public\\favicon.ico--> 200: okay

Request: D:\Web\Web III\assignments\pdumaresq_C30_A02\pdumaresqC30A02root\public\\index.html
Response: D:\Web\Web III\assignments\pdumaresq_C30_A02\pdumaresqC30A02root\public\\index.html--> 200: Okay

Request: D:\Web\Web III\assignments\pdumaresq_C30_A02\pdumaresqC30A02root\public\\favicon.ico
Response: D:\Web\Web III\assignments\pdumaresq_C30_A02\pdumaresqC30A02root\public\\favicon.ico--> 200: okay

Request: D:\Web\Web III\assignments\pdumaresq_C30_A02\pdumaresqC30A02root\public\\index.html
Response: D:\Web\Web III\assignments\pdumaresq_C30_A02\pdumaresqC30A02root\public\\index.html--> 200: Okay

Request: D:\Web\Web III\assignments\pdumaresq_C30_A02\pdumaresqC30A02root\public\\favicon.ico
Response: D:\Web\Web III\assignments\pdumaresq_C30_A02\pdumaresqC30A02root\public\\favicon.ico--> 200: okay

Request: D:\Web\Web III\assignments\pdumaresq_C30_A02\pdumaresqC30A02root\public\\index.html
Response: D:\Web\Web III\assignments\pdumaresq_C30_A02\pdumaresqC30A02root\public\\index.html--> 200: Okay

Request: D:\Web\Web III\assignments\pdumaresq_C30_A02\pdumaresqC30A02root\public\\favicon.ico
Response: D:\Web\Web III\assignments\pdumaresq_C30_A02\pdumaresqC30A02root\public\\favicon.ico--> 200: okay

Request: D:\Web\Web III\assignments\pdumaresq_C30_A02\pdumaresqC30A02root\public\\index.html
Response: D:\Web\Web III\assignments\pdumaresq_C30_A02\pdumaresqC30A02root\public\\index.html--> 200: Okay

Request: D:\Web\Web III\assignments\pdumaresq_C30_A02\pdumaresqC30A02root\public\\favicon.ico
Response: D:\Web\Web III\assignments\pdumaresq_C30_A02\pdumaresqC30A02root\public\\favicon.ico--> 200: okay
